TN:
SF:/Users/studzw/Documents/Project/uxcore-layout/src/index.js
FN:11,_interopRequireDefault
FNF:1
FNH:1
FNDA:1,_interopRequireDefault
DA:3,1
DA:7,1
DA:9,1
DA:11,1
DA:13,1
DA:21,1
LF:6
LH:6
BRDA:11,1,0,0
BRDA:11,1,1,1
BRDA:11,2,0,1
BRDA:11,2,1,1
BRF:4
BRH:3
end_of_record
TN:
SF:/Users/studzw/Documents/Project/uxcore-layout/src/Layout.js
FN:23,_interopRequireDefault
FN:25,_defaults
FN:27,_defineProperty
FN:29,_classCallCheck
FN:31,_possibleConstructorReturn
FN:33,_inherits
FN:38,(anonymous_7)
FN:41,Layout
FN:50,getSuffix
FN:67,processChildren
FN:72,(anonymous_11)
FN:101,generateClass
FN:126,renderLeft
FN:140,renderRight
FN:154,renderLayout
FN:167,render
FNF:16
FNH:16
FNDA:4,_interopRequireDefault
FNDA:1,_defaults
FNDA:27,_defineProperty
FNDA:5,_classCallCheck
FNDA:5,_possibleConstructorReturn
FNDA:1,_inherits
FNDA:1,(anonymous_7)
FNDA:5,Layout
FNDA:5,getSuffix
FNDA:5,processChildren
FNDA:7,(anonymous_11)
FNDA:5,generateClass
FNDA:5,renderLeft
FNDA:5,renderRight
FNDA:5,renderLayout
FNDA:5,render
DA:3,1
DA:7,1
DA:9,1
DA:11,1
DA:13,1
DA:15,1
DA:17,1
DA:19,1
DA:21,1
DA:23,4
DA:25,5
DA:27,27
DA:29,5
DA:31,5
DA:33,1
DA:38,1
DA:39,1
DA:41,1
DA:42,5
DA:44,5
DA:46,5
DA:47,5
DA:50,1
DA:51,5
DA:53,5
DA:54,5
DA:55,0
DA:57,0
DA:58,0
DA:60,0
DA:64,5
DA:67,1
DA:68,5
DA:69,5
DA:70,5
DA:71,5
DA:72,5
DA:73,7
DA:74,4
DA:75,4
DA:76,3
DA:77,3
DA:78,3
DA:82,5
DA:83,5
DA:84,0
DA:87,0
DA:90,5
DA:91,0
DA:94,0
DA:98,5
DA:101,1
DA:102,5
DA:103,5
DA:104,5
DA:105,5
DA:106,5
DA:108,5
DA:109,2
DA:110,3
DA:111,1
DA:116,5
DA:117,5
DA:119,5
DA:126,1
DA:127,5
DA:128,5
DA:129,3
DA:131,3
DA:137,2
DA:140,1
DA:141,5
DA:142,5
DA:143,3
DA:145,3
DA:151,2
DA:154,1
DA:155,5
DA:156,5
DA:157,5
DA:158,0
DA:159,0
DA:161,5
DA:162,5
DA:164,5
DA:167,1
DA:168,5
DA:170,5
DA:171,5
DA:172,5
DA:181,1
DA:184,1
DA:185,1
DA:186,1
DA:187,1
DA:188,1
DA:190,1
DA:191,1
LF:98
LH:88
BRDA:23,1,0,0
BRDA:23,1,1,4
BRDA:23,2,0,4
BRDA:23,2,1,4
BRDA:25,3,0,0
BRDA:25,3,1,5
BRDA:25,4,0,5
BRDA:25,4,1,5
BRDA:25,4,2,0
BRDA:27,5,0,0
BRDA:27,5,1,27
BRDA:29,6,0,0
BRDA:29,6,1,5
BRDA:31,7,0,0
BRDA:31,7,1,5
BRDA:31,8,0,0
BRDA:31,8,1,5
BRDA:31,9,0,5
BRDA:31,9,1,0
BRDA:31,9,2,0
BRDA:33,10,0,0
BRDA:33,10,1,1
BRDA:33,11,0,1
BRDA:33,11,1,0
BRDA:33,12,0,1
BRDA:33,12,1,1
BRDA:33,13,0,1
BRDA:33,13,1,0
BRDA:33,14,0,0
BRDA:33,14,1,1
BRDA:53,15,0,5
BRDA:53,15,1,0
BRDA:53,16,0,5
BRDA:53,16,1,5
BRDA:55,17,0,0
BRDA:55,17,1,0
BRDA:55,18,0,0
BRDA:55,18,1,0
BRDA:58,19,0,0
BRDA:58,19,1,0
BRDA:58,20,0,0
BRDA:58,20,1,0
BRDA:73,21,0,4
BRDA:73,21,1,3
BRDA:73,22,0,7
BRDA:73,22,1,7
BRDA:73,22,2,7
BRDA:76,23,0,3
BRDA:76,23,1,0
BRDA:76,24,0,3
BRDA:76,24,1,3
BRDA:76,24,2,3
BRDA:83,25,0,0
BRDA:83,25,1,5
BRDA:90,26,0,0
BRDA:90,26,1,5
BRDA:108,27,0,2
BRDA:108,27,1,3
BRDA:110,28,0,1
BRDA:110,28,1,2
BRDA:128,29,0,3
BRDA:128,29,1,2
BRDA:133,30,0,3
BRDA:133,30,1,3
BRDA:142,31,0,3
BRDA:142,31,1,2
BRDA:147,32,0,3
BRDA:147,32,1,3
BRDA:157,33,0,0
BRDA:157,33,1,5
BRF:70
BRH:44
end_of_record
TN:
SF:/Users/studzw/Documents/Project/uxcore-layout/src/Left.js
FN:11,_interopRequireDefault
FN:13,_defaults
FN:15,_classCallCheck
FN:17,_possibleConstructorReturn
FN:19,_inherits
FN:21,(anonymous_6)
FN:24,Left
FNF:7
FNH:7
FNDA:1,_interopRequireDefault
FNDA:1,_defaults
FNDA:7,_classCallCheck
FNDA:7,_possibleConstructorReturn
FNDA:1,_inherits
FNDA:1,(anonymous_6)
FNDA:7,Left
DA:3,1
DA:7,1
DA:9,1
DA:11,1
DA:13,8
DA:15,7
DA:17,7
DA:19,1
DA:21,1
DA:22,1
DA:24,1
DA:25,7
DA:27,7
DA:29,7
DA:30,7
DA:33,1
DA:36,1
DA:37,1
DA:38,1
DA:40,1
DA:41,1
LF:21
LH:21
BRDA:11,1,0,0
BRDA:11,1,1,1
BRDA:11,2,0,1
BRDA:11,2,1,1
BRDA:13,3,0,3
BRDA:13,3,1,5
BRDA:13,4,0,8
BRDA:13,4,1,8
BRDA:13,4,2,3
BRDA:15,5,0,0
BRDA:15,5,1,7
BRDA:17,6,0,0
BRDA:17,6,1,7
BRDA:17,7,0,7
BRDA:17,7,1,0
BRDA:17,8,0,7
BRDA:17,8,1,7
BRDA:17,8,2,0
BRDA:19,9,0,0
BRDA:19,9,1,1
BRDA:19,10,0,1
BRDA:19,10,1,0
BRDA:19,11,0,1
BRDA:19,11,1,1
BRDA:19,12,0,1
BRDA:19,12,1,0
BRDA:19,13,0,0
BRDA:19,13,1,1
BRF:28
BRH:19
end_of_record
TN:
SF:/Users/studzw/Documents/Project/uxcore-layout/src/LayoutItem.js
FN:23,_interopRequireDefault
FN:25,_defaults
FN:27,_defineProperty
FN:29,_classCallCheck
FN:31,_possibleConstructorReturn
FN:33,_inherits
FN:35,(anonymous_7)
FN:38,LayoutItem
FN:47,render
FNF:9
FNH:9
FNDA:4,_interopRequireDefault
FNDA:1,_defaults
FNDA:14,_defineProperty
FNDA:14,_classCallCheck
FNDA:14,_possibleConstructorReturn
FNDA:1,_inherits
FNDA:1,(anonymous_7)
FNDA:14,LayoutItem
FNDA:14,render
DA:3,1
DA:7,1
DA:9,1
DA:11,1
DA:13,1
DA:15,1
DA:17,1
DA:19,1
DA:21,1
DA:23,4
DA:25,5
DA:27,14
DA:29,14
DA:31,14
DA:33,1
DA:35,1
DA:36,1
DA:38,1
DA:39,14
DA:41,14
DA:43,14
DA:44,14
DA:47,1
DA:48,14
DA:49,14
DA:50,14
DA:51,12
DA:53,14
DA:63,1
DA:66,1
DA:67,1
DA:70,1
DA:75,1
DA:76,1
LF:34
LH:34
BRDA:23,1,0,0
BRDA:23,1,1,4
BRDA:23,2,0,4
BRDA:23,2,1,4
BRDA:25,3,0,0
BRDA:25,3,1,5
BRDA:25,4,0,5
BRDA:25,4,1,5
BRDA:25,4,2,0
BRDA:27,5,0,0
BRDA:27,5,1,14
BRDA:29,6,0,0
BRDA:29,6,1,14
BRDA:31,7,0,0
BRDA:31,7,1,14
BRDA:31,8,0,0
BRDA:31,8,1,14
BRDA:31,9,0,14
BRDA:31,9,1,0
BRDA:31,9,2,0
BRDA:33,10,0,0
BRDA:33,10,1,1
BRDA:33,11,0,1
BRDA:33,11,1,0
BRDA:33,12,0,1
BRDA:33,12,1,1
BRDA:33,13,0,1
BRDA:33,13,1,0
BRDA:33,14,0,0
BRDA:33,14,1,1
BRDA:50,15,0,12
BRDA:50,15,1,2
BRF:32
BRH:19
end_of_record
TN:
SF:/Users/studzw/Documents/Project/uxcore-layout/src/Right.js
FN:11,_interopRequireDefault
FN:13,_defaults
FN:15,_classCallCheck
FN:17,_possibleConstructorReturn
FN:19,_inherits
FN:21,(anonymous_6)
FN:24,Right
FNF:7
FNH:7
FNDA:1,_interopRequireDefault
FNDA:1,_defaults
FNDA:7,_classCallCheck
FNDA:7,_possibleConstructorReturn
FNDA:1,_inherits
FNDA:1,(anonymous_6)
FNDA:7,Right
DA:3,1
DA:7,1
DA:9,1
DA:11,1
DA:13,8
DA:15,7
DA:17,7
DA:19,1
DA:21,1
DA:22,1
DA:24,1
DA:25,7
DA:27,7
DA:29,7
DA:30,7
DA:33,1
DA:36,1
DA:37,1
DA:38,1
DA:40,1
DA:41,1
LF:21
LH:21
BRDA:11,1,0,0
BRDA:11,1,1,1
BRDA:11,2,0,1
BRDA:11,2,1,1
BRDA:13,3,0,3
BRDA:13,3,1,5
BRDA:13,4,0,8
BRDA:13,4,1,8
BRDA:13,4,2,3
BRDA:15,5,0,0
BRDA:15,5,1,7
BRDA:17,6,0,0
BRDA:17,6,1,7
BRDA:17,7,0,7
BRDA:17,7,1,0
BRDA:17,8,0,7
BRDA:17,8,1,7
BRDA:17,8,2,0
BRDA:19,9,0,0
BRDA:19,9,1,1
BRDA:19,10,0,1
BRDA:19,10,1,0
BRDA:19,11,0,1
BRDA:19,11,1,1
BRDA:19,12,0,1
BRDA:19,12,1,0
BRDA:19,13,0,0
BRDA:19,13,1,1
BRF:28
BRH:19
end_of_record
